Dilation
0 0 1 1 1 1 1 1 0 0 
0 1 1 1 1 1 1 1 1 0 
1 1 1 1 1 1 1 1 1 1 
1 1 1 1 1 1 1 1 1 1 
1 1 1 1 1 1 1 1 1 1 
1 1 1 1 1 1 1 1 1 1 
1 1 1 1 1 1 1 1 1 1 
1 1 1 1 1 1 1 1 1 1 
0 1 1 1 1 1 1 1 1 0 
0 0 1 1 1 1 1 1 0 0 
Erosion
0 0 0 0 0 0 0 0 0 0 
0 0 0 0 0 0 0 0 0 0 
0 0 0 0 1 1 0 0 0 0 
0 0 0 1 1 1 1 0 0 0 
0 0 1 1 1 1 1 1 0 0 
0 0 1 1 1 1 1 1 0 0 
0 0 0 1 1 1 1 0 0 0 
0 0 0 0 1 1 0 0 0 0 
0 0 0 0 0 0 0 0 0 0 
0 0 0 0 0 0 0 0 0 0 
Opening
0 0 0 0 0 0 0 0 0 0 
0 0 0 1 1 1 1 0 0 0 
0 0 1 1 1 1 1 1 0 0 
0 1 1 1 1 1 1 1 1 0 
0 1 1 1 1 1 1 1 1 0 
0 1 1 1 1 1 1 1 1 0 
0 1 1 1 1 1 1 1 1 0 
0 0 1 1 1 1 1 1 0 0 
0 0 0 1 1 1 1 0 0 0 
0 0 0 0 0 0 0 0 0 0 
Closing
0 0 0 1 1 1 1 0 0 0 
0 0 0 1 1 1 1 0 0 0 
0 0 1 1 1 1 1 1 0 0 
1 1 1 1 1 1 1 1 1 1 
1 1 1 1 1 1 1 1 1 1 
1 1 1 1 1 1 1 1 1 1 
1 1 1 1 1 1 1 1 1 1 
0 0 1 1 1 1 1 1 0 0 
0 0 0 1 1 1 1 0 0 0 
0 0 0 1 1 1 1 0 0 0