Matriz de adjacencia: 
	A 	B 	C 	D 	E 	F 	G 	H 	I 	J 	K 	L 	M 	N 	O 	P 
A	0	1.414	0	0	0	0	0	0	0	0	0	0	1.414	0	0	0
B	1.414	0	1.414	0	0	0	0	0	0	2.000	0	0	2.000	0	0	0
C	0	1.414	0	0	0	0	0	0	0	1.414	0	0	0	0	0	0
D	0	0	0	0	1.414	2.000	0	0	0	0	0	0	0	0	1.414	0
E	0	0	0	1.414	0	1.414	0	0	0	0	0	0	0	0	2.000	0
F	0	0	0	2.000	1.414	0	0	0	0	0	0	0	0	0	1.414	0
G	0	0	0	0	0	0	0	1.414	2.000	0	0	0	0	0	0	1.414
H	0	0	0	0	0	0	1.414	0	1.414	0	0	0	0	0	0	2.000
I	0	0	0	0	0	0	2.000	1.414	0	0	0	0	0	0	0	1.414
J	0	2.000	1.414	0	0	0	0	0	0	0	1.414	2.000	0	0	0	0
K	0	0	0	0	0	0	0	0	0	1.414	0	1.414	0	0	0	0
L	0	0	0	0	0	0	0	0	0	2.000	1.414	0	2.000	1.414	0	0
M	1.414	2.000	0	0	0	0	0	0	0	0	0	2.000	0	1.414	0	0
N	0	0	0	0	0	0	0	0	0	0	0	1.414	1.414	0	0	0
O	0	0	0	1.414	2.000	1.414	0	0	0	0	0	0	0	0	0	0
P	0	0	0	0	0	0	1.414	2.000	1.414	0	0	0	0	0	0	0
Percurso mínimo: 
Percurso [No A]: (B 1.414214)  (M 1.414214)  (C 2.828427)  (N 2.828427)  (L 3.414214)  (J 3.414214)  (K 4.828427) 
Percurso [No B]: (A 1.414214)  (C 1.414214)  (J 2.000000)  (M 2.000000)  (K 3.414214)  (N 3.414214)  (L 4.000000) 
Percurso [No C]: (B 1.414214)  (J 1.414214)  (A 2.828427)  (K 2.828427)  (L 3.414214)  (M 3.414214)  (N 4.828427) 
Percurso [No D]: (E 1.414214)  (O 1.414214)  (F 2.000000) 
Percurso [No E]: (D 1.414214)  (F 1.414214)  (O 2.000000) 
Percurso [No F]: (E 1.414214)  (O 1.414214)  (D 2.000000) 
Percurso [No G]: (H 1.414214)  (P 1.414214)  (I 2.000000) 
Percurso [No H]: (G 1.414214)  (I 1.414214)  (P 2.000000) 
Percurso [No I]: (H 1.414214)  (P 1.414214)  (G 2.000000) 
Percurso [No J]: (C 1.414214)  (K 1.414214)  (L 2.000000)  (B 2.000000)  (N 3.414214)  (A 3.414214)  (M 4.000000) 
Percurso [No K]: (J 1.414214)  (L 1.414214)  (C 2.828427)  (N 2.828427)  (M 3.414214)  (B 3.414214)  (A 4.828427) 
Percurso [No L]: (K 1.414214)  (N 1.414214)  (M 2.000000)  (J 2.000000)  (A 3.414214)  (C 3.414214)  (B 4.000000) 
Percurso [No M]: (A 1.414214)  (N 1.414214)  (L 2.000000)  (B 2.000000)  (K 3.414214)  (C 3.414214)  (J 4.000000) 
Percurso [No N]: (L 1.414214)  (M 1.414214)  (K 2.828427)  (A 2.828427)  (B 3.414214)  (J 3.414214)  (C 4.828427) 
Percurso [No O]: (D 1.414214)  (F 1.414214)  (E 2.000000) 
Percurso [No P]: (G 1.414214)  (I 1.414214)  (H 2.000000) 
Grafo tem 3 componentes
