Matriz de adjacencia: 
	A 	B 	C 	D 	E 	F 	G 	H 	I 	J 	K 
A	0	0	0	0	0	0	0	0	0	0	0
B	0	0	0	0	0	0	0	0	0	0	0
C	0	0	0	2.000	0	0	0	0	0	0	0
D	0	0	2.000	0	2.000	0	0	0	0	0	0
E	0	0	0	2.000	0	2.000	0	0	0	0	0
F	0	0	0	0	2.000	0	2.000	0	0	0	0
G	0	0	0	0	0	2.000	0	0	0	0	0
H	0	0	0	0	0	0	0	0	1.000	1.000	1.414
I	0	0	0	0	0	0	0	1.000	0	1.414	1.000
J	0	0	0	0	0	0	0	1.000	1.414	0	1.000
K	0	0	0	0	0	0	0	1.414	1.000	1.000	0
Percurso mínimo: 
Percurso [No A]: E uma ilha
Percurso [No B]: E uma ilha
Percurso [No C]: (D 2.000000)  (E 4.000000)  (F 6.000000)  (G 8.000000) 
Percurso [No D]: (C 2.000000)  (E 2.000000)  (F 4.000000)  (G 6.000000) 
Percurso [No E]: (D 2.000000)  (F 2.000000)  (C 4.000000)  (G 4.000000) 
Percurso [No F]: (E 2.000000)  (G 2.000000)  (D 4.000000)  (C 6.000000) 
Percurso [No G]: (F 2.000000)  (E 4.000000)  (D 6.000000)  (C 8.000000) 
Percurso [No H]: (I 1.000000)  (J 1.000000)  (K 1.414214) 
Percurso [No I]: (H 1.000000)  (K 1.000000)  (J 1.414214) 
Percurso [No J]: (H 1.000000)  (K 1.000000)  (I 1.414214) 
Percurso [No K]: (I 1.000000)  (J 1.000000)  (H 1.414214) 
Grafo tem 4 componentes
